[0m2021.04.02 18:19:43 INFO  Started: Metals version 0.10.0 in workspace 'C:\Users\FernandoTimo\Desktop\Timoideas\GitHub\Sangria' for client vscode 1.55.0.[0m
[0m2021.04.02 18:19:45 INFO  time: initialize in 2.48s[0m
[0m2021.04.02 18:19:45 WARN  Build server is not auto-connectable.[0m
[0m2021.04.02 18:19:45 WARN  no build target for: C:\Users\FernandoTimo\Desktop\Timoideas\GitHub\Sangria\app\controllers\HomeController.scala[0m
[0m2021.04.02 18:19:51 INFO  no build target: using presentation compiler with only scala-library: 2.12.13[0m
abr. 02, 2021 6:19:51 P. M. org.eclipse.lsp4j.jsonrpc.RemoteEndpoint handleCancellation
ADVERTENCIA: Unmatched cancel notification for request id 6
package controllers

import javax.inject._

import play.api.mvc._

/**
 * This controller creates an `Action` to handle HTTP requests to the
 * application's home page.
 */
@Singleton
class HomeController @Inject()(cc: ControllerComponents) (implicit assetsFinder: AssetsFinder)
  extends AbstractController(cc) {

  /**
   * Create an Action to render an HTML page with a welcome message.
   * The configuration in the `routes` file means that this method
   * will be called when the application receives a `GET` request with
   * a path of `/`.
   */
  def index = Action {
    Ok(views.html.index("Your new application is ready."))
  }

}

[0m2021.04.02 18:19:53 INFO  time: code lens generation in 7s[0m
abr. 02, 2021 6:21:13 P. M. org.eclipse.lsp4j.jsonrpc.services.GenericEndpoint notify
INFORMACIÓN: Unsupported notification method: $/setTraceNotification
